Arguments: 
  /Users/buckfactor/.nvm/versions/node/v10.16.0/bin/node /Users/buckfactor/.yarn/bin/yarn.js

PATH: 
  /Applications/google-cloud-sdk/bin:/Users/buckfactor:/Library/PostgreSQL/11/bin:/usr/local/opt/postgresql@9.6/bin:/usr/local/bin/ffmpeg:/usr/local/bin/gifsicle:/usr/local/sbin/rabbitmq-server:/usr/local/sbin:/bin/cat:/Library/Frameworks/Python.framework/Versions/3.4/bin:/Users/buckfactor/.yarn/bin:/Users/buckfactor/.config/yarn/global/node_modules/.bin:/Users/buckfactor/.nvm/versions/node/v10.16.0/bin:/Users/buckfactor/.sdkman/candidates/groovy/current/bin:/usr/local/bin:/usr/bin:/bin:/usr/sbin:/sbin:/usr/local/go/bin:/Library/Frameworks/Mono.framework/Versions/Current/Commands:/usr/local/mysql/bin/mysql:/usr/local/sbin:/bin

Yarn version: 
  1.15.2

Node version: 
  10.16.0

Platform: 
  darwin x64

Trace: 
  Error: https://registry.npmjs.org/unicorn-fun: Not found
      at Request.params.callback [as _callback] (/Users/buckfactor/.yarn/lib/cli.js:66058:18)
      at Request.self.callback (/Users/buckfactor/.yarn/lib/cli.js:129541:22)
      at Request.emit (events.js:198:13)
      at Request.<anonymous> (/Users/buckfactor/.yarn/lib/cli.js:130513:10)
      at Request.emit (events.js:198:13)
      at IncomingMessage.<anonymous> (/Users/buckfactor/.yarn/lib/cli.js:130435:12)
      at Object.onceWrapper (events.js:286:20)
      at IncomingMessage.emit (events.js:203:15)
      at endReadableNT (_stream_readable.js:1129:12)
      at process._tickCallback (internal/process/next_tick.js:63:19)

npm manifest: 
  {
  	"name": "unicorn-fun-cli",
  	"version": "0.0.0",
  	"description": "My awesome command-line tool",
  	"license": "MIT",
  	"repository": "YOUR-GITHUB-USERNAME/unicorn-fun-cli",
  	"author": {
  		"name": "YOUR NAME",
  		"email": "YOUR EMAIL",
  		"url": "YOUR WEBSITE"
  	},
  	"bin": {
  		"unicorn-fun": "cli.js"
  	},
  	"engines": {
  		"node": ">=8"
  	},
  	"scripts": {
  		"test": "xo && ava"
  	},
  	"files": [
  		"cli.js"
  	],
  	"keywords": [
  		"cli",
  		"cli-app",
  		"unicorn",
  		"fun"
  	],
  	"dependencies": {
  		"meow": "^5.0.0",
  		"unicorn-fun": "^0.0.0"
  	},
  	"devDependencies": {
  		"ava": "^2.1.0",
  		"execa": "^2.0.0",
  		"xo": "^0.24.0"
  	}
  }

yarn manifest: 
  No manifest

Lockfile: 
  No lockfile
